2025-04-04 08:36:27.271886 - Received CBT.V508.FILE368.PDS from FILE368.XMI 
2025-04-04 08:36:27.273221 - Found $$$DOC.txt (text/plain) in CBT.V508.FILE368.PDS, moved to PDS/$$$DOC
2025-04-04 08:36:27.273367 - Found @FILE368.txt (text/plain) in CBT.V508.FILE368.PDS, moved to PDS/@FILE368
2025-04-04 08:36:27.273552 - Found AL.rexx (text/plain) in CBT.V508.FILE368.PDS, moved to PDS/AL
2025-04-04 08:36:27.273801 - Found COBPRT.jcl (text/plain) in CBT.V508.FILE368.PDS, moved to PDS/COBPRT
2025-04-04 08:36:27.273973 - Found COMMAND.txt (text/plain) in CBT.V508.FILE368.PDS, moved to PDS/COMMAND
2025-04-04 08:36:27.274129 - Found COPYLNES.rexx (text/plain) in CBT.V508.FILE368.PDS, moved to PDS/COPYLNES
2025-04-04 08:36:27.274274 - Found DMPGENER.rexx (text/plain) in CBT.V508.FILE368.PDS, moved to PDS/DMPGENER
2025-04-04 08:36:27.274397 - Found FTAILSMF.txt (text/plain) in CBT.V508.FILE368.PDS, moved to PDS/FTAILSMF
2025-04-04 08:36:27.274726 - Found ICEIEXIT.txt (text/plain) in CBT.V508.FILE368.PDS, moved to PDS/ICEIEXIT
2025-04-04 08:36:27.274871 - Found IEFUJI.txt (text/plain) in CBT.V508.FILE368.PDS, moved to PDS/IEFUJI
2025-04-04 08:36:27.275003 - Found JOBID.rexx (text/plain) in CBT.V508.FILE368.PDS, moved to PDS/JOBID
2025-04-04 08:36:27.275123 - Found MSGCHECK.rexx (text/plain) in CBT.V508.FILE368.PDS, moved to PDS/MSGCHECK
2025-04-04 08:36:27.275243 - Found PCOPY.rexx (text/plain) in CBT.V508.FILE368.PDS, moved to PDS/PCOPY
2025-04-04 08:36:27.275374 - Found PLIAVG.txt (text/plain) in CBT.V508.FILE368.PDS, moved to PDS/PLIAVG
2025-04-04 08:36:27.275520 - Found RDATE.rexx (text/plain) in CBT.V508.FILE368.PDS, moved to PDS/RDATE
2025-04-04 08:36:27.275641 - Found REGS.txt (text/plain) in CBT.V508.FILE368.PDS, moved to PDS/REGS
2025-04-04 08:36:27.275766 - Found RXJOBID.txt (text/plain) in CBT.V508.FILE368.PDS, moved to PDS/RXJOBID
2025-04-04 08:36:27.275909 - Found SEQNUM.rexx (text/plain) in CBT.V508.FILE368.PDS, moved to PDS/SEQNUM
2025-04-04 08:36:27.276032 - Found SMF128II.rexx (text/plain) in CBT.V508.FILE368.PDS, moved to PDS/SMF128II
2025-04-04 08:36:27.276157 - Found SMF128J.jcl (text/plain) in CBT.V508.FILE368.PDS, moved to PDS/SMF128J
2025-04-04 08:36:27.276283 - Found SMF170.rexx (text/plain) in CBT.V508.FILE368.PDS, moved to PDS/SMF170
2025-04-04 08:36:27.276402 - Found SMF170J.jcl (text/plain) in CBT.V508.FILE368.PDS, moved to PDS/SMF170J
2025-04-04 08:36:27.276524 - Found STCK.txt (text/plain) in CBT.V508.FILE368.PDS, moved to PDS/STCK
2025-04-04 08:36:27.276645 - Found TIMEPC.txt (text/plain) in CBT.V508.FILE368.PDS, moved to PDS/TIMEPC
2025-04-04 08:36:27.276771 - Found TIMEX.txt (text/plain) in CBT.V508.FILE368.PDS, moved to PDS/TIMEX
2025-04-04 08:36:27.276896 - Found TOUPPERC.rexx (text/plain) in CBT.V508.FILE368.PDS, moved to PDS/TOUPPERC
2025-04-04 08:36:27.277023 - Found TOUPPERJ.jcl (text/plain) in CBT.V508.FILE368.PDS, moved to PDS/TOUPPERJ
2025-04-04 08:36:27.277288 - Found WTOAGL01.txt (text/plain) in CBT.V508.FILE368.PDS, moved to PDS/WTOAGL01
